# JRE version: Java(TM) SE Runtime Environment (12.0.2+10) (build 12.0.2+10)
# Java VM: Java HotSpot(TM) 64-Bit Server VM (12.0.2+10, mixed mode, sharing, tiered, compressed oops, g1 gc, windows-amd64)
Heap:
 garbage-first heap   total 48128K, used 28456K [0x00000006c2400000, 0x0000000800000000)
  region size 1024K, 19 young (19456K), 3 survivors (3072K)
 Metaspace       used 29219K, capacity 30453K, committed 30844K, reserved 1075200K
  class space    used 3837K, capacity 4329K, committed 4476K, reserved 1048576K
GC Heap History (10 events):
Event: 1.458 GC heap before
{Heap before GC invocations=1 (full 0):
 garbage-first heap   total 325632K, used 17871K [0x00000006c2400000, 0x0000000800000000)
  region size 1024K, 15 young (15360K), 3 survivors (3072K)
 Metaspace       used 9192K, capacity 9608K, committed 9856K, reserved 1058816K
  class space    used 1208K, capacity 1387K, committed 1408K, reserved 1048576K
}
Event: 1.462 GC heap after
{Heap after GC invocations=2 (full 0):
 garbage-first heap   total 325632K, used 6662K [0x00000006c2400000, 0x0000000800000000)
  region size 1024K, 1 young (1024K), 1 survivors (1024K)
 Metaspace       used 9192K, capacity 9608K, committed 9856K, reserved 1058816K
  class space    used 1208K, capacity 1387K, committed 1408K, reserved 1048576K
}
Event: 1.929 GC heap before
{Heap before GC invocations=2 (full 0):
 garbage-first heap   total 325632K, used 50694K [0x00000006c2400000, 0x0000000800000000)
  region size 1024K, 44 young (45056K), 1 survivors (1024K)
 Metaspace       used 16293K, capacity 17014K, committed 17280K, reserved 1064960K
  class space    used 2154K, capacity 2420K, committed 2432K, reserved 1048576K
}
Event: 1.933 GC heap after
{Heap after GC invocations=3 (full 0):
 garbage-first heap   total 325632K, used 8450K [0x00000006c2400000, 0x0000000800000000)
  region size 1024K, 3 young (3072K), 3 survivors (3072K)
 Metaspace       used 16293K, capacity 17014K, committed 17280K, reserved 1064960K
  class space    used 2154K, capacity 2420K, committed 2432K, reserved 1048576K
}
Event: 2.603 GC heap before
{Heap before GC invocations=3 (full 0):
 garbage-first heap   total 325632K, used 46338K [0x00000006c2400000, 0x0000000800000000)
  region size 1024K, 41 young (41984K), 3 survivors (3072K)
 Metaspace       used 20425K, capacity 21296K, committed 21296K, reserved 1067008K
  class space    used 2757K, capacity 3120K, committed 3120K, reserved 1048576K
}
Event: 2.613 GC heap after
{Heap after GC invocations=4 (full 0):
 garbage-first heap   total 325632K, used 10526K [0x00000006c2400000, 0x0000000800000000)
  region size 1024K, 5 young (5120K), 5 survivors (5120K)
 Metaspace       used 20425K, capacity 21296K, committed 21296K, reserved 1067008K
  class space    used 2757K, capacity 3120K, committed 3120K, reserved 1048576K
}
Event: 3.021 GC heap before
{Heap before GC invocations=5 (full 0):
 garbage-first heap   total 40960K, used 40222K [0x00000006c2400000, 0x0000000800000000)
  region size 1024K, 34 young (34816K), 5 survivors (5120K)
 Metaspace       used 23825K, capacity 24898K, committed 25212K, reserved 1071104K
  class space    used 3189K, capacity 3614K, committed 3708K, reserved 1048576K
}
Event: 3.030 GC heap after
{Heap after GC invocations=6 (full 0):
 garbage-first heap   total 48128K, used 12525K [0x00000006c2400000, 0x0000000800000000)
  region size 1024K, 7 young (7168K), 7 survivors (7168K)
 Metaspace       used 23825K, capacity 24898K, committed 25212K, reserved 1071104K
  class space    used 3189K, capacity 3614K, committed 3708K, reserved 1048576K
}
Event: 5.984 GC heap before
{Heap before GC invocations=6 (full 0):
 garbage-first heap   total 48128K, used 33005K [0x00000006c2400000, 0x0000000800000000)
  region size 1024K, 27 young (27648K), 7 survivors (7168K)
 Metaspace       used 26333K, capacity 27564K, committed 27900K, reserved 1073152K
  class space    used 3525K, capacity 3985K, committed 4092K, reserved 1048576K
}
Event: 5.994 GC heap after
{Heap after GC invocations=7 (full 0):
 garbage-first heap   total 48128K, used 14120K [0x00000006c2400000, 0x0000000800000000)
  region size 1024K, 3 young (3072K), 3 survivors (3072K)
 Metaspace       used 26333K, capacity 27564K, committed 27900K, reserved 1073152K
  class space    used 3525K, capacity 3985K, committed 4092K, reserved 1048576K
}

